<?xml version="1.0" encoding="UTF-8"?>
<!-- Generated by org.testng.reporters.JUnitXMLReporter -->
<testsuite ignored="10" hostname="LAPTOP-G2J21VAG" failures="0" tests="5" name="Default test" time="0.05" errors="0" timestamp="2025-06-19T12:56:30 IST">
  <testcase classname="commonFunctions.SetTime" name="@BeforeSuite timeSearch" time="0.019">
    <skipped/>
  </testcase> <!-- @BeforeSuite timeSearch -->
  <testcase classname="config.AppUtil" name="@BeforeTest setup" time="0.0">
    <skipped/>
  </testcase> <!-- @BeforeTest setup -->
  <testcase classname="config.AppUtil" name="@AfterTest teardown" time="0.0">
    <skipped/>
  </testcase> <!-- @AfterTest teardown -->
  <testcase classname="commonFunctions.SearchProduct" name="searchProduct" time="0.0">
    <skipped/>
  </testcase> <!-- searchProduct -->
  <testcase classname="commonFunctions.RatingFilter" name="ratingFilter" time="0.0">
    <skipped/>
  </testcase> <!-- ratingFilter -->
  <testcase classname="commonFunctions.PriceFilter" name="priceFilter" time="0.0">
    <skipped/>
  </testcase> <!-- priceFilter -->
  <testcase classname="commonFunctions.BrandFilter" name="brandFilter" time="0.0">
    <skipped/>
  </testcase> <!-- brandFilter -->
  <testcase classname="testRunner.Runner" name="kickStart" time="0.0">
    <skipped/>
  </testcase> <!-- kickStart -->
  <testcase classname="config.AppUtil" name="@AfterTest teardown" time="0.0">
    <ignored/>
  </testcase> <!-- @AfterTest teardown -->
  <testcase classname="config.AppUtil" name="@BeforeTest setup" time="0.0">
    <ignored/>
  </testcase> <!-- @BeforeTest setup -->
  <testcase classname="config.AppUtil" name="@BeforeTest setup" time="0.0">
    <ignored/>
  </testcase> <!-- @BeforeTest setup -->
  <testcase classname="config.AppUtil" name="@AfterTest teardown" time="0.0">
    <ignored/>
  </testcase> <!-- @AfterTest teardown -->
  <testcase classname="config.AppUtil" name="@BeforeTest setup" time="0.0">
    <ignored/>
  </testcase> <!-- @BeforeTest setup -->
  <testcase classname="config.AppUtil" name="@AfterTest teardown" time="0.0">
    <ignored/>
  </testcase> <!-- @AfterTest teardown -->
  <testcase classname="config.AppUtil" name="@BeforeTest setup" time="0.0">
    <ignored/>
  </testcase> <!-- @BeforeTest setup -->
  <testcase classname="config.AppUtil" name="@AfterTest teardown" time="0.0">
    <ignored/>
  </testcase> <!-- @AfterTest teardown -->
  <testcase classname="config.AppUtil" name="@BeforeTest setup" time="0.0">
    <ignored/>
  </testcase> <!-- @BeforeTest setup -->
  <testcase classname="config.AppUtil" name="@AfterTest teardown" time="0.0">
    <ignored/>
  </testcase> <!-- @AfterTest teardown -->
</testsuite> <!-- Default test -->
