<?xml version="1.0" encoding="UTF-8"?>
<!-- Generated by org.testng.reporters.JUnitXMLReporter -->
<testsuite ignored="6" hostname="LAPTOP-G2J21VAG" failures="0" tests="5" name="Test" time="31.085" errors="0" timestamp="2025-06-18T16:57:31 IST">
  <testcase classname="testRunner.Runner" name="kickStart" time="0.007"/>
  <testcase classname="commonFunctions.SearchProduct" name="searchProduct" time="3.179"/>
  <testcase classname="commonFunctions.BrandFilter" name="brandFilter" time="15.542"/>
  <testcase classname="commonFunctions.RatingFilter" name="ratingFilter" time="0.926"/>
  <testcase classname="commonFunctions.PriceFilter" name="priceFilter" time="2.236"/>
  <testcase classname="config.AppUtil" name="@AfterTest teardown" time="0.0">
    <ignored/>
  </testcase> <!-- @AfterTest teardown -->
  <testcase classname="config.AppUtil" name="@BeforeTest setup" time="0.0">
    <ignored/>
  </testcase> <!-- @BeforeTest setup -->
  <testcase classname="config.AppUtil" name="@AfterTest teardown" time="0.0">
    <ignored/>
  </testcase> <!-- @AfterTest teardown -->
  <testcase classname="config.AppUtil" name="@BeforeTest setup" time="0.0">
    <ignored/>
  </testcase> <!-- @BeforeTest setup -->
  <testcase classname="config.AppUtil" name="@AfterTest teardown" time="0.0">
    <ignored/>
  </testcase> <!-- @AfterTest teardown -->
  <testcase classname="config.AppUtil" name="@BeforeTest setup" time="0.0">
    <ignored/>
  </testcase> <!-- @BeforeTest setup -->
</testsuite> <!-- Test -->
